[2014-02-24 13:54:20,855]ERROR 25339[Thread-26-ThresholdBolt](RuleEngine.java:150) - Exception @ RuleEngine :executeRule
[2014-02-24 13:56:27,738]ERROR  8633[Thread-61-ThresholdBolt](RuleEngine.java:150) - Exception @ RuleEngine :executeRule
[2014-02-24 15:13:11,436]ERROR 11096[Thread-34-ThresholdBolt](RuleEngine.java:150) - Exception @ RuleEngine :executeRule
[2014-02-24 16:40:00,963]ERROR 50539[Thread-26-ThresholdBolt](RuleEngine.java:51) - Exception @ RuleEngine :getRule
[2014-02-24 16:40:00,964]ERROR 50540[Thread-52-ThresholdBolt](RuleEngine.java:150) - Exception @ RuleEngine :executeRule
[2014-02-24 16:42:25,089]ERROR 10063[Thread-26-ThresholdBolt](RuleEngine.java:150) - Exception @ RuleEngine :executeRule
[2014-02-24 16:45:21,649]ERROR 33347[Thread-34-ThresholdBolt](RuleEngine.java:150) - Exception @ RuleEngine :executeRule
[2014-02-24 16:45:21,649]ERROR 33347[Thread-52-ThresholdBolt](RuleEngine.java:150) - Exception @ RuleEngine :executeRule
[2014-02-27 11:23:34,549]ERROR 11944[Thread-44-ThresholdBolt](RuleEngine.java:192) - Exception @ RuleEngine :executeRule
[2014-02-27 11:23:34,549]ERROR 11944[Thread-26-ThresholdBolt](RuleEngine.java:192) - Exception @ RuleEngine :executeRule
[2014-02-27 12:51:00,259]ERROR462523[Thread-52-ThresholdBolt](RuleEngine.java:192) - Exception @ RuleEngine :executeRule
[2014-03-03 11:51:43,718]ERROR  9018[Thread-53-ThresholdBolt](RuleEngine.java:192) - Exception @ RuleEngine :executeRule
[2014-03-03 11:56:57,038]ERROR 15535[Thread-44-ThresholdBolt](RuleEngine.java:51) - Exception @ RuleEngine :getRule
[2014-03-03 11:57:00,753]ERROR 19250[Thread-52-ThresholdBolt](RuleEngine.java:51) - Exception @ RuleEngine :getRule
[2014-03-03 11:57:33,975]ERROR 52472[Thread-44-ThresholdBolt](RuleEngine.java:192) - Exception @ RuleEngine :executeRule
[2014-03-03 11:57:49,549]ERROR 68046[Thread-44-ThresholdBolt](RuleEngine.java:192) - Exception @ RuleEngine :executeRule
[2014-03-03 12:55:04,158]ERROR 18122[Thread-52-ThresholdBolt](RuleEngine.java:192) - Exception @ RuleEngine :executeRule
[2014-03-03 12:55:04,164]ERROR 18128[Thread-34-ThresholdBolt](RuleEngine.java:192) - Exception @ RuleEngine :executeRule
[2014-03-03 12:55:05,599]ERROR 19563[Thread-26-ThresholdBolt](RuleEngine.java:192) - Exception @ RuleEngine :executeRule
[2014-03-03 12:55:06,246]ERROR 20210[Thread-52-ThresholdBolt](RuleEngine.java:51) - Exception @ RuleEngine :getRule
[2014-03-03 12:55:29,660]ERROR 43624[Thread-34-ThresholdBolt](RuleEngine.java:51) - Exception @ RuleEngine :getRule
[2014-03-03 12:55:32,384]ERROR 46348[Thread-60-ThresholdBolt](RuleEngine.java:51) - Exception @ RuleEngine :getRule
[2014-03-03 12:55:54,458]ERROR 68422[Thread-34-ThresholdBolt](RuleEngine.java:192) - Exception @ RuleEngine :executeRule
[2014-03-03 12:55:58,221]ERROR 72185[Thread-60-ThresholdBolt](RuleEngine.java:192) - Exception @ RuleEngine :executeRule
[2014-03-03 12:56:05,645]ERROR 79609[Thread-44-ThresholdBolt](RuleEngine.java:192) - Exception @ RuleEngine :executeRule
[2014-03-03 12:56:08,058]ERROR 82022[Thread-34-ThresholdBolt](RuleEngine.java:51) - Exception @ RuleEngine :getRule
[2014-03-03 12:57:51,024]ERROR184988[Thread-44-ThresholdBolt](RuleEngine.java:51) - Exception @ RuleEngine :getRule
[2014-03-03 13:01:39,095]ERROR 45472[Thread-60-ThresholdBolt](RuleEngine.java:192) - Exception @ RuleEngine :executeRule
[2014-03-03 13:01:44,321]ERROR 50698[Thread-44-ThresholdBolt](RuleEngine.java:192) - Exception @ RuleEngine :executeRule
[2014-03-03 13:01:45,142]ERROR 51519[Thread-60-ThresholdBolt](RuleEngine.java:51) - Exception @ RuleEngine :getRule
[2014-03-03 13:02:30,995]ERROR 97372[Thread-34-ThresholdBolt](RuleEngine.java:192) - Exception @ RuleEngine :executeRule
[2014-03-03 13:06:22,192]ERROR328569[Thread-52-ThresholdBolt](RuleEngine.java:51) - Exception @ RuleEngine :getRule
[2014-03-03 13:50:58,258]ERROR 14151[Thread-44-ThresholdBolt](RuleEngine.java:192) - Exception @ RuleEngine :executeRule
[2014-03-03 16:08:18,796]ERROR 33155[Thread-52-ThresholdBolt](RuleEngine.java:192) - Exception @ RuleEngine :executeRule
[2014-03-03 16:08:28,064]ERROR 42423[Thread-44-ThresholdBolt](RuleEngine.java:192) - Exception @ RuleEngine :executeRule
[2014-03-04 11:02:19,125]ERROR 22273[Thread-62-ThresholdBolt](RuleEngine.java:192) - Exception @ RuleEngine :executeRule
[2014-03-04 11:02:22,534]ERROR 25682[Thread-62-ThresholdBolt](RuleEngine.java:192) - Exception @ RuleEngine :executeRule
[2014-03-04 11:12:47,773]ERROR 28032[Thread-26-ThresholdBolt](RuleEngine.java:192) - Exception @ RuleEngine :executeRule
[2014-03-04 11:12:48,754]ERROR 29013[Thread-34-ThresholdBolt](RuleEngine.java:51) - Exception @ RuleEngine :getRule
[2014-03-04 11:12:49,232]ERROR 29491[Thread-62-ThresholdBolt](RuleEngine.java:192) - Exception @ RuleEngine :executeRule
[2014-03-04 11:12:52,491]ERROR 32750[Thread-44-ThresholdBolt](RuleEngine.java:192) - Exception @ RuleEngine :executeRule
[2014-03-04 11:12:55,830]ERROR 36089[Thread-26-ThresholdBolt](RuleEngine.java:192) - Exception @ RuleEngine :executeRule
[2014-03-04 11:17:10,131]ERROR 14721[Thread-38-ThresholdBolt](RuleEngine.java:51) - Exception @ RuleEngine :getRule
[2014-03-04 11:17:12,134]ERROR 16724[Thread-32-ThresholdBolt](RuleEngine.java:192) - Exception @ RuleEngine :executeRule
[2014-03-04 11:25:14,448]ERROR 27141[Thread-32-ThresholdBolt](RuleEngine.java:192) - Exception @ RuleEngine :executeRule
[2014-03-04 11:25:17,344]ERROR 30037[Thread-44-ThresholdBolt](RuleEngine.java:192) - Exception @ RuleEngine :executeRule
[2014-03-04 11:25:19,952]ERROR 32645[Thread-38-ThresholdBolt](RuleEngine.java:51) - Exception @ RuleEngine :getRule
[2014-03-04 11:25:21,917]ERROR 34610[Thread-32-ThresholdBolt](RuleEngine.java:192) - Exception @ RuleEngine :executeRule
[2014-03-04 11:25:23,129]ERROR 35822[Thread-44-ThresholdBolt](RuleEngine.java:51) - Exception @ RuleEngine :getRule
[2014-03-04 11:34:36,226]ERROR 21242[Thread-50-ThresholdBolt](RuleEngine.java:192) - Exception @ RuleEngine :executeRule
[2014-03-04 11:34:36,230]ERROR 21246[Thread-44-ThresholdBolt](RuleEngine.java:51) - Exception @ RuleEngine :getRule
[2014-03-04 11:34:37,035]ERROR 22051[Thread-32-ThresholdBolt](RuleEngine.java:192) - Exception @ RuleEngine :executeRule
[2014-03-04 11:34:38,074]ERROR 23090[Thread-44-ThresholdBolt](RuleEngine.java:192) - Exception @ RuleEngine :executeRule
[2014-03-04 11:34:38,076]ERROR 23092[Thread-50-ThresholdBolt](RuleEngine.java:192) - Exception @ RuleEngine :executeRule
[2014-03-04 11:34:42,109]ERROR 27125[Thread-38-ThresholdBolt](RuleEngine.java:192) - Exception @ RuleEngine :executeRule
[2014-03-04 11:34:42,503]ERROR 27519[Thread-32-ThresholdBolt](RuleEngine.java:192) - Exception @ RuleEngine :executeRule
[2014-03-04 11:34:42,505]ERROR 27521[Thread-38-ThresholdBolt](RuleEngine.java:192) - Exception @ RuleEngine :executeRule
[2014-03-04 13:01:39,029]ERROR 15907[Thread-44-ThresholdBolt](RuleEngine.java:192) - Exception @ RuleEngine :executeRule
[2014-03-04 13:01:39,030]ERROR 15908[Thread-34-ThresholdBolt](RuleEngine.java:51) - Exception @ RuleEngine :getRule
[2014-03-04 13:01:39,736]ERROR 16614[Thread-60-ThresholdBolt](RuleEngine.java:192) - Exception @ RuleEngine :executeRule
[2014-03-04 13:01:39,737]ERROR 16615[Thread-44-ThresholdBolt](RuleEngine.java:192) - Exception @ RuleEngine :executeRule
[2014-03-04 13:01:40,081]ERROR 16959[Thread-52-ThresholdBolt](RuleEngine.java:51) - Exception @ RuleEngine :getRule
[2014-03-04 13:01:41,840]ERROR 18718[Thread-26-ThresholdBolt](RuleEngine.java:192) - Exception @ RuleEngine :executeRule
[2014-03-04 13:01:44,658]ERROR 21536[Thread-26-ThresholdBolt](RuleEngine.java:192) - Exception @ RuleEngine :executeRule
[2014-03-04 13:01:44,659]ERROR 21537[Thread-52-ThresholdBolt](RuleEngine.java:192) - Exception @ RuleEngine :executeRule
[2014-03-04 13:01:49,733]ERROR 26611[Thread-52-ThresholdBolt](RuleEngine.java:51) - Exception @ RuleEngine :getRule
[2014-03-04 13:06:04,445]ERROR 10794[Thread-26-ThresholdBolt](RuleEngine.java:51) - Exception @ RuleEngine :getRule
[2014-03-04 13:06:05,640]ERROR 11989[Thread-62-ThresholdBolt](RuleEngine.java:192) - Exception @ RuleEngine :executeRule
[2014-03-04 13:06:05,940]ERROR 12289[Thread-26-ThresholdBolt](RuleEngine.java:192) - Exception @ RuleEngine :executeRule
[2014-03-04 13:06:11,488]ERROR 17837[Thread-62-ThresholdBolt](RuleEngine.java:192) - Exception @ RuleEngine :executeRule
[2014-03-04 13:08:42,264]ERROR 10916[Thread-44-ThresholdBolt](RuleEngine.java:192) - Exception @ RuleEngine :executeRule
[2014-03-04 13:08:43,451]ERROR 12103[Thread-44-ThresholdBolt](RuleEngine.java:192) - Exception @ RuleEngine :executeRule
[2014-03-04 13:08:47,552]ERROR 16204[Thread-26-ThresholdBolt](RuleEngine.java:51) - Exception @ RuleEngine :getRule
